🚀 [HIT] POST /api/auth/login (Path: /api/auth/login) at 2026-04-18T18:42:38.459Z
🚀 [HIT] GET /api/scanner/lookup/6285 (Path: /api/scanner/lookup/6285) at 2026-04-18T18:42:38.610Z
🚀 [HIT] GET /api/auth/verify (Path: /api/auth/verify) at 2026-04-18T18:52:21.414Z
🚀 [HIT] GET /api/auth/verify (Path: /api/auth/verify) at 2026-04-18T18:52:21.420Z
🚀 [HIT] GET /api/orders?page=1&limit=20&search= (Path: /api/orders) at 2026-04-18T18:52:27.220Z
🚀 [HIT] GET /api/orders?page=1&limit=20&search= (Path: /api/orders) at 2026-04-18T18:52:27.237Z
🚀 [HIT] GET /api/scanner/lookup/6289 (Path: /api/scanner/lookup/6289) at 2026-04-18T18:52:37.790Z
🚀 [HIT] GET /api/orders?page=1&limit=20&search= (Path: /api/orders) at 2026-04-18T18:52:54.354Z
🚀 [HIT] GET /api/orders?page=1&limit=20&search= (Path: /api/orders) at 2026-04-18T18:52:54.370Z
🚀 [HIT] GET /api/orders?page=1&limit=20&search= (Path: /api/orders) at 2026-04-18T18:54:13.902Z
🚀 [HIT] GET /api/orders?page=1&limit=20&search= (Path: /api/orders) at 2026-04-18T18:54:13.915Z
🚀 [HIT] GET /api/auth/verify (Path: /api/auth/verify) at 2026-04-18T18:54:26.997Z
🚀 [HIT] GET /api/auth/verify (Path: /api/auth/verify) at 2026-04-18T18:54:27.000Z
🚀 [HIT] GET /api/orders?page=1&limit=20&search= (Path: /api/orders) at 2026-04-18T18:54:37.895Z
🚀 [HIT] GET /api/orders?page=1&limit=20&search= (Path: /api/orders) at 2026-04-18T18:54:37.908Z
🚀 [HIT] GET /api/scanner/lookup/6289 (Path: /api/scanner/lookup/6289) at 2026-04-18T18:54:47.486Z
🚀 [HIT] GET /api/orders?page=1&limit=20&search= (Path: /api/orders) at 2026-04-18T18:55:52.299Z
🚀 [HIT] GET /api/orders?page=1&limit=20&search= (Path: /api/orders) at 2026-04-18T18:55:52.312Z
🚀 [HIT] GET /api/scanner/lookup/6271 (Path: /api/scanner/lookup/6271) at 2026-04-18T18:56:04.937Z
🚀 [HIT] POST /api/auth/login (Path: /api/auth/login) at 2026-04-18T18:58:52.553Z
🚀 [HIT] GET /api/scanner/lookup/6289 (Path: /api/scanner/lookup/6289) at 2026-04-18T18:58:52.655Z
🚀 [HIT] GET /api/auth/verify (Path: /api/auth/verify) at 2026-04-18T18:59:22.120Z
🚀 [HIT] GET /api/auth/verify (Path: /api/auth/verify) at 2026-04-18T18:59:22.124Z
🚀 [HIT] GET /api/auth/verify (Path: /api/auth/verify) at 2026-04-18T18:59:26.251Z
🚀 [HIT] GET /api/auth/verify (Path: /api/auth/verify) at 2026-04-18T18:59:26.256Z
🚀 [HIT] GET /api/dashboard (Path: /api/dashboard) at 2026-04-18T18:59:36.494Z
🚀 [HIT] GET /api/auth/verify (Path: /api/auth/verify) at 2026-04-18T18:59:36.506Z
🚀 [HIT] GET /api/auth/verify (Path: /api/auth/verify) at 2026-04-18T18:59:36.510Z
🚀 [HIT] GET /api/dashboard (Path: /api/dashboard) at 2026-04-18T18:59:36.986Z
🚀 [HIT] GET /api/scanner/lookup/6289 (Path: /api/scanner/lookup/6289) at 2026-04-18T18:59:44.516Z
🚀 [HIT] GET /api/orders?page=1&limit=20&search= (Path: /api/orders) at 2026-04-18T18:59:50.460Z
🚀 [HIT] GET /api/orders?page=1&limit=20&search= (Path: /api/orders) at 2026-04-18T18:59:50.473Z
🚀 [HIT] GET /api/scanner/lookup/6271 (Path: /api/scanner/lookup/6271) at 2026-04-18T19:00:11.836Z
🚀 [HIT] GET /api/orders?page=1&limit=20&search= (Path: /api/orders) at 2026-04-18T19:01:08.810Z
🚀 [HIT] GET /api/orders?page=1&limit=20&search= (Path: /api/orders) at 2026-04-18T19:01:08.827Z
🚀 [HIT] GET /api/scanner/lookup/6285 (Path: /api/scanner/lookup/6285) at 2026-04-18T19:01:21.086Z
🚀 [HIT] GET /api/scanner/lookup/6285 (Path: /api/scanner/lookup/6285) at 2026-04-18T19:02:53.087Z
🚀 [HIT] GET /api/orders?page=1&limit=20&search= (Path: /api/orders) at 2026-04-18T19:02:58.799Z
🚀 [HIT] GET /api/orders?page=1&limit=20&search= (Path: /api/orders) at 2026-04-18T19:02:58.820Z
🚀 [HIT] GET /api/scanner/lookup/6271 (Path: /api/scanner/lookup/6271) at 2026-04-18T19:03:09.998Z
🚀 [HIT] GET /api/scanner/lookup/6054 (Path: /api/scanner/lookup/6054) at 2026-04-18T19:03:20.970Z
🚀 [HIT] GET /api/scanner/lookup/44544810032443 (Path: /api/scanner/lookup/44544810032443) at 2026-04-18T19:04:11.793Z
🚀 [HIT] GET /api/scanner/lookup/5687 (Path: /api/scanner/lookup/5687) at 2026-04-18T19:04:48.711Z
🚀 [HIT] GET /api/scanner/lookup/5325 (Path: /api/scanner/lookup/5325) at 2026-04-18T19:05:12.394Z
🚀 [HIT] GET /api/scanner/lookup/6054 (Path: /api/scanner/lookup/6054) at 2026-04-18T19:05:35.133Z
🚀 [HIT] GET /api/dashboard (Path: /api/dashboard) at 2026-04-18T19:05:51.949Z
🚀 [HIT] GET /api/dashboard (Path: /api/dashboard) at 2026-04-18T19:05:52.374Z
🚀 [HIT] GET /api/orders?page=1&limit=20&search= (Path: /api/orders) at 2026-04-18T19:06:06.099Z
🚀 [HIT] GET /api/orders?page=1&limit=20&search= (Path: /api/orders) at 2026-04-18T19:06:06.111Z
🚀 [HIT] GET /api/auth/verify (Path: /api/auth/verify) at 2026-04-18T19:06:43.074Z
🚀 [HIT] GET /api/auth/verify (Path: /api/auth/verify) at 2026-04-18T19:06:43.079Z
🚀 [HIT] GET /api/auth/verify (Path: /api/auth/verify) at 2026-04-18T20:12:10.192Z
🚀 [HIT] GET /api/auth/verify (Path: /api/auth/verify) at 2026-04-18T20:12:10.202Z
🚀 [HIT] GET /api/auth/verify (Path: /api/auth/verify) at 2026-04-19T05:37:15.168Z
🚀 [HIT] GET /api/auth/verify (Path: /api/auth/verify) at 2026-04-19T05:37:15.175Z
🚀 [HIT] GET /api/orders?page=1&limit=20&search= (Path: /api/orders) at 2026-04-19T05:37:16.661Z
🚀 [HIT] GET /api/orders?page=1&limit=20&search= (Path: /api/orders) at 2026-04-19T05:37:16.696Z
🚀 [HIT] GET /api/sync/status (Path: /api/sync/status) at 2026-04-19T05:37:18.931Z
🚀 [HIT] GET /api/sync/test (Path: /api/sync/test) at 2026-04-19T05:37:18.937Z
🚀 [HIT] GET /api/sync/status (Path: /api/sync/status) at 2026-04-19T05:37:18.940Z
🚀 [HIT] GET /api/sync/test (Path: /api/sync/test) at 2026-04-19T05:37:19.336Z
🚀 [HIT] GET /api/sync/status (Path: /api/sync/status) at 2026-04-19T05:37:23.906Z
🚀 [HIT] GET /api/sync/status (Path: /api/sync/status) at 2026-04-19T05:37:28.906Z
🚀 [HIT] GET /api/admin/stats (Path: /api/admin/stats) at 2026-04-19T05:37:38.976Z
🚀 [HIT] GET /api/admin/users (Path: /api/admin/users) at 2026-04-19T05:37:38.983Z
🚀 [HIT] GET /api/admin/stats (Path: /api/admin/stats) at 2026-04-19T05:37:38.987Z
🚀 [HIT] GET /api/admin/users (Path: /api/admin/users) at 2026-04-19T05:37:38.992Z
🚀 [HIT] GET /api/admin/users (Path: /api/admin/users) at 2026-04-19T05:37:42.449Z
🚀 [HIT] GET /api/admin/stats (Path: /api/admin/stats) at 2026-04-19T05:37:42.460Z
🚀 [HIT] GET /api/admin/stats (Path: /api/admin/stats) at 2026-04-19T05:37:42.465Z
🚀 [HIT] GET /api/admin/users (Path: /api/admin/users) at 2026-04-19T05:37:42.468Z
🚀 [HIT] GET /api/sync/status (Path: /api/sync/status) at 2026-04-19T05:40:02.908Z
🚀 [HIT] GET /api/sync/test (Path: /api/sync/test) at 2026-04-19T05:40:02.915Z
🚀 [HIT] GET /api/sync/status (Path: /api/sync/status) at 2026-04-19T05:40:02.921Z
🚀 [HIT] GET /api/admin/users (Path: /api/admin/users) at 2026-04-19T05:40:03.694Z
🚀 [HIT] GET /api/admin/stats (Path: /api/admin/stats) at 2026-04-19T05:40:03.697Z
🚀 [HIT] GET /api/admin/users (Path: /api/admin/users) at 2026-04-19T05:40:03.710Z
🚀 [HIT] GET /api/admin/stats (Path: /api/admin/stats) at 2026-04-19T05:40:03.713Z
🚀 [HIT] GET /api/sync/test (Path: /api/sync/test) at 2026-04-19T05:40:03.722Z
🚀 [HIT] GET /api/orders?page=1&limit=20&search= (Path: /api/orders) at 2026-04-19T05:40:04.957Z
🚀 [HIT] GET /api/orders?page=1&limit=20&search= (Path: /api/orders) at 2026-04-19T05:40:04.992Z
🚀 [HIT] GET /api/customers?page=1&limit=20&search= (Path: /api/customers) at 2026-04-19T05:40:06.488Z
🚀 [HIT] GET /api/customers?page=1&limit=20&search= (Path: /api/customers) at 2026-04-19T05:40:06.500Z
🚀 [HIT] GET /api/dashboard (Path: /api/dashboard) at 2026-04-19T05:40:07.196Z
🚀 [HIT] GET /api/dashboard (Path: /api/dashboard) at 2026-04-19T05:40:07.849Z
🚀 [HIT] GET /api/dashboard (Path: /api/dashboard) at 2026-04-19T06:35:21.147Z
🚀 [HIT] GET /api/auth/verify (Path: /api/auth/verify) at 2026-04-19T06:35:21.151Z
🚀 [HIT] GET /api/auth/verify (Path: /api/auth/verify) at 2026-04-19T06:35:21.156Z
🚀 [HIT] GET /api/dashboard (Path: /api/dashboard) at 2026-04-19T06:35:21.555Z
🚀 [HIT] GET /api/dashboard?startDate=2026-04-13&endDate=2026-04-19 (Path: /api/dashboard) at 2026-04-19T06:40:27.591Z
🚀 [HIT] GET /api/dashboard (Path: /api/dashboard) at 2026-04-19T06:40:33.126Z
🚀 [HIT] GET /api/admin/users (Path: /api/admin/users) at 2026-04-19T06:43:20.553Z
🚀 [HIT] GET /api/admin/stats (Path: /api/admin/stats) at 2026-04-19T06:43:20.557Z
🚀 [HIT] GET /api/admin/users (Path: /api/admin/users) at 2026-04-19T06:43:20.561Z
🚀 [HIT] GET /api/admin/stats (Path: /api/admin/stats) at 2026-04-19T06:43:20.564Z
🚀 [HIT] GET /api/sync/test (Path: /api/sync/test) at 2026-04-19T06:43:22.238Z
🚀 [HIT] GET /api/sync/status (Path: /api/sync/status) at 2026-04-19T06:43:22.243Z
🚀 [HIT] GET /api/sync/status (Path: /api/sync/status) at 2026-04-19T06:43:22.248Z
🚀 [HIT] GET /api/sync/test (Path: /api/sync/test) at 2026-04-19T06:43:22.673Z
🚀 [HIT] GET /api/sync/status (Path: /api/sync/status) at 2026-04-19T06:43:27.223Z
🚀 [HIT] GET /api/sync/status (Path: /api/sync/status) at 2026-04-19T06:43:32.220Z
🚀 [HIT] GET /api/sync/status (Path: /api/sync/status) at 2026-04-19T06:43:37.213Z
🚀 [HIT] GET /api/sync/status (Path: /api/sync/status) at 2026-04-19T06:43:42.225Z
🚀 [HIT] GET /api/sync/status (Path: /api/sync/status) at 2026-04-19T06:43:47.220Z
🚀 [HIT] GET /api/sync/status (Path: /api/sync/status) at 2026-04-19T06:43:52.232Z
🚀 [HIT] GET /api/orders?page=1&limit=20&search= (Path: /api/orders) at 2026-04-19T06:48:48.240Z
🚀 [HIT] GET /api/orders?page=1&limit=20&search= (Path: /api/orders) at 2026-04-19T06:48:48.255Z
🚀 [HIT] GET /api/sync/status (Path: /api/sync/status) at 2026-04-19T06:53:44.724Z
🚀 [HIT] GET /api/sync/test (Path: /api/sync/test) at 2026-04-19T06:53:44.731Z
🚀 [HIT] GET /api/sync/status (Path: /api/sync/status) at 2026-04-19T06:53:44.748Z
🚀 [HIT] GET /api/sync/test (Path: /api/sync/test) at 2026-04-19T06:53:45.238Z
🚀 [HIT] GET /api/sync/status (Path: /api/sync/status) at 2026-04-19T06:53:49.703Z
🚀 [HIT] GET /api/orders?page=1&limit=20&search= (Path: /api/orders) at 2026-04-19T06:59:17.998Z
🚀 [HIT] GET /api/orders?page=1&limit=20&search= (Path: /api/orders) at 2026-04-19T06:59:18.034Z
🚀 [HIT] GET /api/dashboard (Path: /api/dashboard) at 2026-04-19T06:59:18.842Z
🚀 [HIT] GET /api/dashboard (Path: /api/dashboard) at 2026-04-19T06:59:19.308Z
🚀 [HIT] GET /api/customers?page=1&limit=20&search= (Path: /api/customers) at 2026-04-19T06:59:21.457Z
🚀 [HIT] GET /api/customers?page=1&limit=20&search= (Path: /api/customers) at 2026-04-19T06:59:21.465Z
🚀 [HIT] GET /api/orders?page=1&limit=20&search= (Path: /api/orders) at 2026-04-19T06:59:22.064Z
🚀 [HIT] GET /api/orders?page=1&limit=20&search= (Path: /api/orders) at 2026-04-19T06:59:22.074Z
🚀 [HIT] GET /api/sync/test (Path: /api/sync/test) at 2026-04-19T06:59:23.735Z
🚀 [HIT] GET /api/sync/status (Path: /api/sync/status) at 2026-04-19T06:59:23.737Z
🚀 [HIT] GET /api/sync/status (Path: /api/sync/status) at 2026-04-19T06:59:23.741Z
🚀 [HIT] GET /api/sync/test (Path: /api/sync/test) at 2026-04-19T06:59:24.198Z
🚀 [HIT] GET /api/admin/users (Path: /api/admin/users) at 2026-04-19T06:59:25.844Z
🚀 [HIT] GET /api/admin/stats (Path: /api/admin/stats) at 2026-04-19T06:59:25.851Z
🚀 [HIT] GET /api/admin/users (Path: /api/admin/users) at 2026-04-19T06:59:25.866Z
🚀 [HIT] GET /api/admin/stats (Path: /api/admin/stats) at 2026-04-19T06:59:25.869Z
🚀 [HIT] GET /api/orders?page=1&limit=20&search= (Path: /api/orders) at 2026-04-19T07:02:18.802Z
🚀 [HIT] GET /api/orders?page=1&limit=20&search= (Path: /api/orders) at 2026-04-19T07:02:18.827Z
🚀 [HIT] GET /api/sync/status (Path: /api/sync/status) at 2026-04-19T07:02:20.096Z
🚀 [HIT] GET /api/sync/test (Path: /api/sync/test) at 2026-04-19T07:02:20.098Z
🚀 [HIT] GET /api/sync/status (Path: /api/sync/status) at 2026-04-19T07:02:20.104Z
🚀 [HIT] GET /api/sync/test (Path: /api/sync/test) at 2026-04-19T07:02:20.609Z
🚀 [HIT] GET /api/dashboard (Path: /api/dashboard) at 2026-04-19T07:02:21.244Z
🚀 [HIT] GET /api/dashboard (Path: /api/dashboard) at 2026-04-19T07:02:21.684Z
🚀 [HIT] GET /api/customers?page=1&limit=20&search= (Path: /api/customers) at 2026-04-19T07:02:21.777Z
🚀 [HIT] GET /api/customers?page=1&limit=20&search= (Path: /api/customers) at 2026-04-19T07:02:21.790Z
🚀 [HIT] GET /api/dashboard (Path: /api/dashboard) at 2026-04-19T07:02:23.722Z
🚀 [HIT] GET /api/dashboard (Path: /api/dashboard) at 2026-04-19T07:02:24.203Z
🚀 [HIT] GET /api/auth/verify (Path: /api/auth/verify) at 2026-04-19T07:13:46.101Z
🚀 [HIT] GET /api/auth/verify (Path: /api/auth/verify) at 2026-04-19T07:13:46.111Z
🚀 [HIT] GET /api/sync/status (Path: /api/sync/status) at 2026-04-19T07:13:58.228Z
🚀 [HIT] GET /api/sync/test (Path: /api/sync/test) at 2026-04-19T07:13:58.236Z
🚀 [HIT] GET /api/sync/status (Path: /api/sync/status) at 2026-04-19T07:13:58.247Z
🚀 [HIT] GET /api/sync/test (Path: /api/sync/test) at 2026-04-19T07:13:58.663Z
🚀 [HIT] GET /api/admin/users (Path: /api/admin/users) at 2026-04-19T07:13:59.026Z
🚀 [HIT] GET /api/admin/stats (Path: /api/admin/stats) at 2026-04-19T07:13:59.028Z
🚀 [HIT] GET /api/admin/users (Path: /api/admin/users) at 2026-04-19T07:13:59.035Z
🚀 [HIT] GET /api/admin/stats (Path: /api/admin/stats) at 2026-04-19T07:13:59.041Z
🚀 [HIT] GET /api/sync/status (Path: /api/sync/status) at 2026-04-19T07:14:09.782Z
🚀 [HIT] GET /api/sync/test (Path: /api/sync/test) at 2026-04-19T07:14:09.785Z
🚀 [HIT] GET /api/sync/status (Path: /api/sync/status) at 2026-04-19T07:14:09.790Z
🚀 [HIT] GET /api/admin/users (Path: /api/admin/users) at 2026-04-19T07:14:10.999Z
🚀 [HIT] GET /api/admin/stats (Path: /api/admin/stats) at 2026-04-19T07:14:11.004Z
🚀 [HIT] GET /api/admin/users (Path: /api/admin/users) at 2026-04-19T07:14:11.008Z
🚀 [HIT] GET /api/admin/stats (Path: /api/admin/stats) at 2026-04-19T07:14:11.023Z
🚀 [HIT] GET /api/orders?page=1&limit=20&search= (Path: /api/orders) at 2026-04-19T07:14:15.444Z
🚀 [HIT] GET /api/orders?page=1&limit=20&search= (Path: /api/orders) at 2026-04-19T07:14:15.470Z
🚀 [HIT] GET /api/customers?page=1&limit=20&search= (Path: /api/customers) at 2026-04-19T07:14:16.398Z
🚀 [HIT] GET /api/customers?page=1&limit=20&search= (Path: /api/customers) at 2026-04-19T07:14:16.410Z
🚀 [HIT] GET /api/customers/36 (Path: /api/customers/36) at 2026-04-19T07:14:17.566Z
🚀 [HIT] GET /api/sync/test (Path: /api/sync/test) at 2026-04-19T07:14:18.146Z
🚀 [HIT] GET /api/dashboard (Path: /api/dashboard) at 2026-04-19T07:14:19.208Z
🚀 [HIT] GET /api/dashboard (Path: /api/dashboard) at 2026-04-19T07:14:20.107Z
🚀 [HIT] GET /api/orders?page=1&limit=20&search= (Path: /api/orders) at 2026-04-19T07:16:13.876Z
🚀 [HIT] GET /api/orders?page=1&limit=20&search= (Path: /api/orders) at 2026-04-19T07:16:13.891Z
🚀 [HIT] GET /api/customers?page=1&limit=20&search= (Path: /api/customers) at 2026-04-19T07:16:14.381Z
🚀 [HIT] GET /api/customers?page=1&limit=20&search= (Path: /api/customers) at 2026-04-19T07:16:14.392Z
🚀 [HIT] GET /api/dashboard (Path: /api/dashboard) at 2026-04-19T07:16:15.007Z
🚀 [HIT] GET /api/dashboard (Path: /api/dashboard) at 2026-04-19T07:16:15.509Z
🚀 [HIT] GET /api/customers?page=1&limit=20&search= (Path: /api/customers) at 2026-04-19T07:16:46.062Z
🚀 [HIT] GET /api/customers?page=1&limit=20&search= (Path: /api/customers) at 2026-04-19T07:16:46.070Z
🚀 [HIT] GET /api/orders?page=1&limit=20&search= (Path: /api/orders) at 2026-04-19T07:16:50.678Z
🚀 [HIT] GET /api/orders?page=1&limit=20&search= (Path: /api/orders) at 2026-04-19T07:16:50.692Z
🚀 [HIT] GET /api/dashboard (Path: /api/dashboard) at 2026-04-19T07:17:13.328Z
🚀 [HIT] GET /api/dashboard (Path: /api/dashboard) at 2026-04-19T07:17:13.802Z
🚀 [HIT] GET /api/orders?page=1&limit=20&search= (Path: /api/orders) at 2026-04-19T07:17:22.163Z
🚀 [HIT] GET /api/orders?page=1&limit=20&search= (Path: /api/orders) at 2026-04-19T07:17:22.173Z
🚀 [HIT] GET /api/dashboard (Path: /api/dashboard) at 2026-04-19T07:17:33.366Z
🚀 [HIT] GET /api/dashboard (Path: /api/dashboard) at 2026-04-19T07:17:33.854Z
🚀 [HIT] GET /api/dashboard (Path: /api/dashboard) at 2026-04-19T07:19:14.540Z
🚀 [HIT] GET /api/dashboard (Path: /api/dashboard) at 2026-04-19T07:19:14.942Z
🚀 [HIT] GET /api/dashboard (Path: /api/dashboard) at 2026-04-19T07:20:23.629Z
🚀 [HIT] GET /api/auth/verify (Path: /api/auth/verify) at 2026-04-19T07:20:23.634Z
🚀 [HIT] GET /api/auth/verify (Path: /api/auth/verify) at 2026-04-19T07:20:23.638Z
🚀 [HIT] GET /api/dashboard (Path: /api/dashboard) at 2026-04-19T07:20:24.069Z
🚀 [HIT] GET /api/sync/status (Path: /api/sync/status) at 2026-04-19T07:24:43.450Z
🚀 [HIT] GET /api/sync/test (Path: /api/sync/test) at 2026-04-19T07:24:43.471Z
🚀 [HIT] GET /api/sync/status (Path: /api/sync/status) at 2026-04-19T07:24:43.483Z
🚀 [HIT] GET /api/sync/test (Path: /api/sync/test) at 2026-04-19T07:24:43.869Z
🚀 [HIT] GET /api/sync/status (Path: /api/sync/status) at 2026-04-19T07:24:48.452Z
🚀 [HIT] GET /api/orders?page=1&limit=20&search= (Path: /api/orders) at 2026-04-19T07:24:58.567Z
🚀 [HIT] GET /api/orders?page=1&limit=20&search= (Path: /api/orders) at 2026-04-19T07:24:58.588Z
🚀 [HIT] GET /api/scanner/lookup/6304 (Path: /api/scanner/lookup/6304) at 2026-04-19T07:25:10.790Z
🚀 [HIT] GET /api/orders?page=1&limit=20&search= (Path: /api/orders) at 2026-04-19T07:29:17.209Z
🚀 [HIT] GET /api/orders?page=1&limit=20&search= (Path: /api/orders) at 2026-04-19T07:29:17.237Z
🚀 [HIT] GET /api/scanner/lookup/6294 (Path: /api/scanner/lookup/6294) at 2026-04-19T07:29:31.262Z
🚀 [HIT] GET /api/sync/status (Path: /api/sync/status) at 2026-04-19T07:55:59.952Z
🚀 [HIT] GET /api/sync/test (Path: /api/sync/test) at 2026-04-19T07:55:59.959Z
🚀 [HIT] GET /api/sync/status (Path: /api/sync/status) at 2026-04-19T07:55:59.964Z
🚀 [HIT] GET /api/sync/test (Path: /api/sync/test) at 2026-04-19T07:56:00.377Z
🚀 [HIT] GET /api/orders?page=1&limit=20&search= (Path: /api/orders) at 2026-04-19T07:59:08.383Z
🚀 [HIT] GET /api/orders?page=1&limit=20&search= (Path: /api/orders) at 2026-04-19T07:59:08.414Z
🚀 [HIT] GET /api/scanner/lookup/6290 (Path: /api/scanner/lookup/6290) at 2026-04-19T08:00:17.816Z
🚀 [HIT] GET /api/scanner/lookup/6054 (Path: /api/scanner/lookup/6054) at 2026-04-19T08:02:22.993Z
🚀 [HIT] GET /api/dashboard (Path: /api/dashboard) at 2026-04-20T05:24:04.663Z
🚀 [HIT] GET /api/auth/verify (Path: /api/auth/verify) at 2026-04-20T05:24:04.679Z
🚀 [HIT] GET /api/auth/verify (Path: /api/auth/verify) at 2026-04-20T05:24:04.686Z
🚀 [HIT] GET /api/dashboard (Path: /api/dashboard) at 2026-04-20T05:24:05.265Z
🚀 [HIT] GET /api/orders?page=1&limit=20&search= (Path: /api/orders) at 2026-04-20T05:24:12.768Z
🚀 [HIT] GET /api/orders?page=1&limit=20&search= (Path: /api/orders) at 2026-04-20T05:24:12.819Z
🚀 [HIT] GET /api/customers?page=1&limit=20&search= (Path: /api/customers) at 2026-04-20T05:24:13.734Z
🚀 [HIT] GET /api/customers?page=1&limit=20&search= (Path: /api/customers) at 2026-04-20T05:24:13.759Z
🚀 [HIT] GET /api/sync/test (Path: /api/sync/test) at 2026-04-20T05:24:14.999Z
🚀 [HIT] GET /api/sync/status (Path: /api/sync/status) at 2026-04-20T05:24:15.011Z
🚀 [HIT] GET /api/sync/status (Path: /api/sync/status) at 2026-04-20T05:24:15.021Z
🚀 [HIT] GET /api/sync/test (Path: /api/sync/test) at 2026-04-20T05:24:15.457Z
🚀 [HIT] GET /api/dashboard (Path: /api/dashboard) at 2026-04-23T15:03:31.648Z
🚀 [HIT] GET /api/auth/verify (Path: /api/auth/verify) at 2026-04-23T15:03:31.785Z
🚀 [HIT] GET /api/auth/verify (Path: /api/auth/verify) at 2026-04-23T15:03:31.791Z
🚀 [HIT] GET /api/dashboard (Path: /api/dashboard) at 2026-04-23T15:03:32.529Z
🚀 [HIT] GET /api/customers?page=1&limit=20&search= (Path: /api/customers) at 2026-04-23T15:03:34.613Z
🚀 [HIT] GET /api/customers?page=1&limit=20&search= (Path: /api/customers) at 2026-04-23T15:03:34.625Z
🚀 [HIT] GET /api/orders?page=1&limit=20&search= (Path: /api/orders) at 2026-04-23T15:03:35.626Z
🚀 [HIT] GET /api/orders?page=1&limit=20&search= (Path: /api/orders) at 2026-04-23T15:03:35.646Z
🚀 [HIT] GET /api/admin/users (Path: /api/admin/users) at 2026-04-23T15:03:38.511Z
🚀 [HIT] GET /api/admin/stats (Path: /api/admin/stats) at 2026-04-23T15:03:38.521Z
🚀 [HIT] GET /api/admin/users (Path: /api/admin/users) at 2026-04-23T15:03:38.538Z
🚀 [HIT] GET /api/admin/stats (Path: /api/admin/stats) at 2026-04-23T15:03:38.541Z
🚀 [HIT] GET /api/sync/status (Path: /api/sync/status) at 2026-04-23T15:03:39.366Z
🚀 [HIT] GET /api/sync/test (Path: /api/sync/test) at 2026-04-23T15:03:39.372Z
🚀 [HIT] GET /api/sync/status (Path: /api/sync/status) at 2026-04-23T15:03:39.381Z
🚀 [HIT] GET /api/sync/test (Path: /api/sync/test) at 2026-04-23T15:03:39.833Z
🚀 [HIT] GET /api/dashboard (Path: /api/dashboard) at 2026-04-23T15:03:40.861Z
🚀 [HIT] GET /api/dashboard (Path: /api/dashboard) at 2026-04-23T15:03:41.359Z
🚀 [HIT] GET /api/dashboard (Path: /api/dashboard) at 2026-04-24T19:27:54.510Z
🚀 [HIT] GET /api/auth/verify (Path: /api/auth/verify) at 2026-04-24T19:27:54.641Z
🚀 [HIT] GET /api/auth/verify (Path: /api/auth/verify) at 2026-04-24T19:27:54.646Z
🚀 [HIT] GET /api/dashboard (Path: /api/dashboard) at 2026-04-24T19:27:55.122Z
🚀 [HIT] GET /api/dashboard (Path: /api/dashboard) at 2026-04-24T19:27:57.386Z
🚀 [HIT] GET /api/auth/verify (Path: /api/auth/verify) at 2026-04-24T19:27:57.390Z
🚀 [HIT] GET /api/auth/verify (Path: /api/auth/verify) at 2026-04-24T19:27:57.393Z
🚀 [HIT] GET /api/dashboard (Path: /api/dashboard) at 2026-04-24T19:27:57.834Z
🚀 [HIT] GET /api/dashboard?startDate=2026-02-11&endDate=2026-04-18 (Path: /api/dashboard) at 2026-04-24T19:29:06.157Z
🚀 [HIT] GET /api/dashboard?startDate=2026-02-11&endDate=2026-04-18 (Path: /api/dashboard) at 2026-04-24T19:29:08.190Z
🚀 [HIT] GET /api/dashboard (Path: /api/dashboard) at 2026-04-24T19:40:43.239Z
🚀 [HIT] GET /api/dashboard?startDate=2026-02-11&endDate=2026-04-18 (Path: /api/dashboard) at 2026-04-24T19:56:26.934Z
🚀 [HIT] GET /api/dashboard (Path: /api/dashboard) at 2026-04-24T20:18:43.623Z
🚀 [HIT] GET /api/auth/verify (Path: /api/auth/verify) at 2026-04-24T20:18:43.627Z
🚀 [HIT] GET /api/auth/verify (Path: /api/auth/verify) at 2026-04-24T20:18:43.631Z
🚀 [HIT] GET /api/dashboard (Path: /api/dashboard) at 2026-04-24T20:18:44.107Z
🚀 [HIT] GET /api/dashboard (Path: /api/dashboard) at 2026-04-24T20:53:24.620Z
🚀 [HIT] GET /api/auth/verify (Path: /api/auth/verify) at 2026-04-24T20:53:24.630Z
🚀 [HIT] GET /api/auth/verify (Path: /api/auth/verify) at 2026-04-24T20:53:24.639Z
🚀 [HIT] GET /api/dashboard (Path: /api/dashboard) at 2026-04-24T20:53:25.108Z
🚀 [HIT] GET /api/dashboard (Path: /api/dashboard) at 2026-04-25T00:43:48.971Z
🚀 [HIT] GET /api/auth/verify (Path: /api/auth/verify) at 2026-04-25T00:43:48.977Z
🚀 [HIT] GET /api/auth/verify (Path: /api/auth/verify) at 2026-04-25T00:43:49.023Z
🚀 [HIT] GET /api/dashboard (Path: /api/dashboard) at 2026-04-25T00:43:49.027Z
🚀 [HIT] GET /api/dashboard (Path: /api/dashboard) at 2026-04-25T04:57:35.716Z
🚀 [HIT] GET /api/auth/verify (Path: /api/auth/verify) at 2026-04-25T04:57:35.720Z
🚀 [HIT] GET /api/auth/verify (Path: /api/auth/verify) at 2026-04-25T04:57:35.724Z
🚀 [HIT] GET /api/dashboard (Path: /api/dashboard) at 2026-04-25T04:57:36.204Z
🚀 [HIT] GET /api/dashboard (Path: /api/dashboard) at 2026-04-25T14:21:06.082Z
🚀 [HIT] GET /api/auth/verify (Path: /api/auth/verify) at 2026-04-25T14:21:06.126Z
🚀 [HIT] GET /api/dashboard (Path: /api/dashboard) at 2026-04-25T14:21:06.134Z
🚀 [HIT] GET /api/auth/verify (Path: /api/auth/verify) at 2026-04-25T14:21:06.141Z
